<?xml version="1.0" encoding="utf-8" standalone="no"?>
<!--This file represents the results of running a test suite-->
<test-results name="C:\Documents and Settings\02272453856\Meus documentos\Visual Studio 2005\Projects\TestUnitVB\UnitTest\bin\Debug\UnitTest.dll" total="1" errors="0" failures="0" not-run="0" inconclusive="0" ignored="0" skipped="0" invalid="0" date="2015-09-09" time="14:05:53">
  <environment nunit-version="2.6.3.13283" clr-version="2.0.50727.3655" os-version="Microsoft Windows NT 5.1.2600 Service Pack 3" platform="Win32NT" cwd="C:\Documents and Settings\02272453856\Meus documentos\Visual Studio 2005\Projects\TestUnitVB\UnitTest\bin\Debug" machine-name="SERPRO1462923V1" user="02272453856" user-domain="SERPRO-RLSL" />
  <culture-info current-culture="pt-BR" current-uiculture="pt-BR" />
  <test-suite type="Assembly" name="C:\Documents and Settings\02272453856\Meus documentos\Visual Studio 2005\Projects\TestUnitVB\UnitTest\bin\Debug\UnitTest.dll" executed="True" result="Success" success="True" time="0.141" asserts="0">
    <results>
      <test-suite type="Namespace" name="UnitTest" executed="True" result="Success" success="True" time="0.140" asserts="0">
        <results>
          <test-suite type="TestFixture" name="NUnitTest" executed="True" result="Success" success="True" time="0.140" asserts="0">
            <results>
              <test-case name="UnitTest.NUnitTest.Funccion" executed="True" result="Success" success="True" time="0.137" asserts="1">
                <categories>
                  <category name="Iteration2" />
                </categories>
              </test-case>
            </results>
          </test-suite>
        </results>
      </test-suite>
    </results>
  </test-suite>
</test-results>